c:\develop\juce_projects\guitar_amp\builds\visualstudio2019\x64\debug\shared code\guitar_amp.pdb
c:\develop\juce_projects\guitar_amp\builds\visualstudio2019\x64\debug\shared code\include_juce_graphics_sheenbidi.obj
c:\develop\juce_projects\guitar_amp\builds\visualstudio2019\x64\debug\shared code\include_juce_graphics.obj
c:\develop\juce_projects\guitar_amp\builds\visualstudio2019\x64\debug\shared code\include_juce_core.obj
c:\develop\juce_projects\guitar_amp\builds\visualstudio2019\x64\debug\shared code\include_juce_gui_basics.obj
c:\develop\juce_projects\guitar_amp\builds\visualstudio2019\x64\debug\shared code\include_juce_audio_processors.obj
c:\develop\juce_projects\guitar_amp\builds\visualstudio2019\x64\debug\shared code\plugineditor.obj
c:\develop\juce_projects\guitar_amp\builds\visualstudio2019\x64\debug\shared code\include_juce_video.obj
c:\develop\juce_projects\guitar_amp\builds\visualstudio2019\x64\debug\shared code\include_juce_audio_formats.obj
c:\develop\juce_projects\guitar_amp\builds\visualstudio2019\x64\debug\shared code\include_juce_gui_extra.obj
c:\develop\juce_projects\guitar_amp\builds\visualstudio2019\x64\debug\shared code\binarydata.obj
c:\develop\juce_projects\guitar_amp\builds\visualstudio2019\x64\debug\shared code\include_juce_audio_processors_ara.obj
c:\develop\juce_projects\guitar_amp\builds\visualstudio2019\x64\debug\shared code\include_juce_audio_utils.obj
c:\develop\juce_projects\guitar_amp\builds\visualstudio2019\x64\debug\shared code\include_juce_audio_devices.obj
c:\develop\juce_projects\guitar_amp\builds\visualstudio2019\x64\debug\shared code\include_juce_audio_basics.obj
c:\develop\juce_projects\guitar_amp\builds\visualstudio2019\x64\debug\shared code\include_juce_events.obj
c:\develop\juce_projects\guitar_amp\builds\visualstudio2019\x64\debug\shared code\engine.obj
c:\develop\juce_projects\guitar_amp\builds\visualstudio2019\x64\debug\shared code\include_juce_audio_plugin_client_ara.obj
c:\develop\juce_projects\guitar_amp\builds\visualstudio2019\x64\debug\shared code\include_juce_audio_processors_lv2_libs.obj
c:\develop\juce_projects\guitar_amp\builds\visualstudio2019\x64\debug\shared code\include_juce_core_compilationtime.obj
c:\develop\juce_projects\guitar_amp\builds\visualstudio2019\x64\debug\shared code\include_juce_cryptography.obj
c:\develop\juce_projects\guitar_amp\builds\visualstudio2019\x64\debug\shared code\include_juce_data_structures.obj
c:\develop\juce_projects\guitar_amp\builds\visualstudio2019\x64\debug\shared code\include_juce_graphics_harfbuzz.obj
c:\develop\juce_projects\guitar_amp\builds\visualstudio2019\x64\debug\shared code\pluginprocessor.obj
c:\develop\juce_projects\guitar_amp\builds\visualstudio2019\x64\debug\shared code\mylookandfeel.obj
c:\develop\juce_projects\guitar_amp\builds\visualstudio2019\x64\debug\shared code\include_juce_opengl.obj
c:\develop\juce_projects\guitar_amp\builds\visualstudio2019\x64\debug\shared code\guitar_amp.lib
c:\develop\juce_projects\guitar_amp\builds\visualstudio2019\x64\debug\shared code\guitar_a.6c487f23.tlog\cl.command.1.tlog
c:\develop\juce_projects\guitar_amp\builds\visualstudio2019\x64\debug\shared code\guitar_a.6c487f23.tlog\cl.items.tlog
c:\develop\juce_projects\guitar_amp\builds\visualstudio2019\x64\debug\shared code\guitar_a.6c487f23.tlog\cl.read.1.tlog
c:\develop\juce_projects\guitar_amp\builds\visualstudio2019\x64\debug\shared code\guitar_a.6c487f23.tlog\cl.write.1.tlog
c:\develop\juce_projects\guitar_amp\builds\visualstudio2019\x64\debug\shared code\guitar_a.6c487f23.tlog\lib-link.read.1.tlog
c:\develop\juce_projects\guitar_amp\builds\visualstudio2019\x64\debug\shared code\guitar_a.6c487f23.tlog\lib-link.write.1.tlog
c:\develop\juce_projects\guitar_amp\builds\visualstudio2019\x64\debug\shared code\guitar_a.6c487f23.tlog\lib.command.1.tlog
